# JRE version: OpenJDK Runtime Environment Microsoft-12574423 (17.0.17+10) (build 17.0.17+10-LTS)
# Java VM: OpenJDK 64-Bit Server VM Microsoft-12574423 (17.0.17+10-LTS, mixed mode, sharing, tiered, compressed oops, compressed class ptrs, g1 gc, windows-amd64)
GC Precious Log:
 CPUs: 16 total, 16 available
 Memory: 15591M
 Large Page Support: Disabled
 NUMA Support: Disabled
 Compressed Oops: Enabled (32-bit)
 Heap Region Size: 1M
 Heap Min Capacity: 8M
 Heap Initial Capacity: 244M
 Heap Max Capacity: 2G
 Pre-touch: Disabled
 Parallel Workers: 13
 Concurrent Workers: 3
 Concurrent Refinement Workers: 13
 Periodic GC: Disabled
Heap:
 garbage-first heap   total 191488K, used 83910K [0x0000000080000000, 0x0000000100000000)
  region size 1024K, 22 young (22528K), 4 survivors (4096K)
 Metaspace       used 62834K, committed 63424K, reserved 491520K
  class space    used 8879K, committed 9152K, reserved 425984K
GC Heap History (20 events):
Event: 12.109 GC heap before
{Heap before GC invocations=15 (full 0):
 garbage-first heap   total 86016K, used 66858K [0x0000000080000000, 0x0000000100000000)
  region size 1024K, 31 young (31744K), 5 survivors (5120K)
 Metaspace       used 51808K, committed 52416K, reserved 491520K
  class space    used 7261K, committed 7552K, reserved 425984K
}
Event: 12.117 GC heap after
{Heap after GC invocations=16 (full 0):
 garbage-first heap   total 86016K, used 45087K [0x0000000080000000, 0x0000000100000000)
  region size 1024K, 4 young (4096K), 4 survivors (4096K)
 Metaspace       used 51808K, committed 52416K, reserved 491520K
  class space    used 7261K, committed 7552K, reserved 425984K
}
Event: 12.452 GC heap before
{Heap before GC invocations=16 (full 0):
 garbage-first heap   total 86016K, used 66591K [0x0000000080000000, 0x0000000100000000)
  region size 1024K, 26 young (26624K), 4 survivors (4096K)
 Metaspace       used 52961K, committed 53568K, reserved 491520K
  class space    used 7443K, committed 7744K, reserved 425984K
}
Event: 12.457 GC heap after
{Heap after GC invocations=17 (full 0):
 garbage-first heap   total 86016K, used 47074K [0x0000000080000000, 0x0000000100000000)
  region size 1024K, 4 young (4096K), 4 survivors (4096K)
 Metaspace       used 52961K, committed 53568K, reserved 491520K
  class space    used 7443K, committed 7744K, reserved 425984K
}
Event: 12.855 GC heap before
{Heap before GC invocations=18 (full 0):
 garbage-first heap   total 86016K, used 67554K [0x0000000080000000, 0x0000000100000000)
  region size 1024K, 24 young (24576K), 4 survivors (4096K)
 Metaspace       used 54648K, committed 55232K, reserved 491520K
  class space    used 7751K, committed 8064K, reserved 425984K
}
Event: 12.858 GC heap after
{Heap after GC invocations=19 (full 0):
 garbage-first heap   total 103424K, used 48052K [0x0000000080000000, 0x0000000100000000)
  region size 1024K, 2 young (2048K), 2 survivors (2048K)
 Metaspace       used 54648K, committed 55232K, reserved 491520K
  class space    used 7751K, committed 8064K, reserved 425984K
}
Event: 12.904 GC heap before
{Heap before GC invocations=19 (full 0):
 garbage-first heap   total 103424K, used 49076K [0x0000000080000000, 0x0000000100000000)
  region size 1024K, 4 young (4096K), 2 survivors (2048K)
 Metaspace       used 54749K, committed 55360K, reserved 491520K
  class space    used 7758K, committed 8064K, reserved 425984K
}
Event: 12.906 GC heap after
{Heap after GC invocations=20 (full 0):
 garbage-first heap   total 103424K, used 48179K [0x0000000080000000, 0x0000000100000000)
  region size 1024K, 2 young (2048K), 2 survivors (2048K)
 Metaspace       used 54749K, committed 55360K, reserved 491520K
  class space    used 7758K, committed 8064K, reserved 425984K
}
Event: 13.587 GC heap before
{Heap before GC invocations=21 (full 0):
 garbage-first heap   total 103424K, used 92211K [0x0000000080000000, 0x0000000100000000)
  region size 1024K, 34 young (34816K), 2 survivors (2048K)
 Metaspace       used 57628K, committed 58240K, reserved 491520K
  class space    used 8173K, committed 8448K, reserved 425984K
}
Event: 13.590 GC heap after
{Heap after GC invocations=22 (full 0):
 garbage-first heap   total 103424K, used 63364K [0x0000000080000000, 0x0000000100000000)
  region size 1024K, 4 young (4096K), 4 survivors (4096K)
 Metaspace       used 57628K, committed 58240K, reserved 491520K
  class space    used 8173K, committed 8448K, reserved 425984K
}
Event: 13.604 GC heap before
{Heap before GC invocations=22 (full 0):
 garbage-first heap   total 103424K, used 63364K [0x0000000080000000, 0x0000000100000000)
  region size 1024K, 5 young (5120K), 4 survivors (4096K)
 Metaspace       used 57709K, committed 58304K, reserved 491520K
  class space    used 8183K, committed 8448K, reserved 425984K
}
Event: 13.607 GC heap after
{Heap after GC invocations=23 (full 0):
 garbage-first heap   total 103424K, used 62626K [0x0000000080000000, 0x0000000100000000)
  region size 1024K, 1 young (1024K), 1 survivors (1024K)
 Metaspace       used 57709K, committed 58304K, reserved 491520K
  class space    used 8183K, committed 8448K, reserved 425984K
}
Event: 13.981 GC heap before
{Heap before GC invocations=23 (full 0):
 garbage-first heap   total 103424K, used 84130K [0x0000000080000000, 0x0000000100000000)
  region size 1024K, 22 young (22528K), 1 survivors (1024K)
 Metaspace       used 59452K, committed 60032K, reserved 491520K
  class space    used 8400K, committed 8704K, reserved 425984K
}
Event: 13.983 GC heap after
{Heap after GC invocations=24 (full 0):
 garbage-first heap   total 103424K, used 64135K [0x0000000080000000, 0x0000000100000000)
  region size 1024K, 2 young (2048K), 2 survivors (2048K)
 Metaspace       used 59452K, committed 60032K, reserved 491520K
  class space    used 8400K, committed 8704K, reserved 425984K
}
Event: 14.247 GC heap before
{Heap before GC invocations=25 (full 0):
 garbage-first heap   total 112640K, used 84615K [0x0000000080000000, 0x0000000100000000)
  region size 1024K, 22 young (22528K), 2 survivors (2048K)
 Metaspace       used 60618K, committed 61184K, reserved 491520K
  class space    used 8564K, committed 8832K, reserved 425984K
}
Event: 14.251 GC heap after
{Heap after GC invocations=26 (full 0):
 garbage-first heap   total 112640K, used 64725K [0x0000000080000000, 0x0000000100000000)
  region size 1024K, 1 young (1024K), 1 survivors (1024K)
 Metaspace       used 60618K, committed 61184K, reserved 491520K
  class space    used 8564K, committed 8832K, reserved 425984K
}
Event: 14.309 GC heap before
{Heap before GC invocations=26 (full 0):
 garbage-first heap   total 112640K, used 68821K [0x0000000080000000, 0x0000000100000000)
  region size 1024K, 5 young (5120K), 1 survivors (1024K)
 Metaspace       used 60845K, committed 61504K, reserved 491520K
  class space    used 8600K, committed 8896K, reserved 425984K
}
Event: 14.311 GC heap after
{Heap after GC invocations=27 (full 0):
 garbage-first heap   total 112640K, used 64138K [0x0000000080000000, 0x0000000100000000)
  region size 1024K, 1 young (1024K), 1 survivors (1024K)
 Metaspace       used 60845K, committed 61504K, reserved 491520K
  class space    used 8600K, committed 8896K, reserved 425984K
}
Event: 14.731 GC heap before
{Heap before GC invocations=27 (full 0):
 garbage-first heap   total 112640K, used 92810K [0x0000000080000000, 0x0000000100000000)
  region size 1024K, 29 young (29696K), 1 survivors (1024K)
 Metaspace       used 61961K, committed 62592K, reserved 491520K
  class space    used 8742K, committed 9024K, reserved 425984K
}
Event: 14.735 GC heap after
{Heap after GC invocations=28 (full 0):
 garbage-first heap   total 191488K, used 67526K [0x0000000080000000, 0x0000000100000000)
  region size 1024K, 4 young (4096K), 4 survivors (4096K)
 Metaspace       used 61961K, committed 62592K, reserved 491520K
  class space    used 8742K, committed 9024K, reserved 425984K
}

