# JRE version: OpenJDK Runtime Environment Microsoft-12574423 (17.0.17+10) (build 17.0.17+10-LTS)
# Java VM: OpenJDK 64-Bit Server VM Microsoft-12574423 (17.0.17+10-LTS, mixed mode, sharing, tiered, compressed oops, compressed class ptrs, g1 gc, windows-amd64)
GC Precious Log:
 CPUs: 16 total, 16 available
 Memory: 15591M
 Large Page Support: Disabled
 NUMA Support: Disabled
 Compressed Oops: Enabled (32-bit)
 Heap Region Size: 1M
 Heap Min Capacity: 8M
 Heap Initial Capacity: 244M
 Heap Max Capacity: 2G
 Pre-touch: Disabled
 Parallel Workers: 13
 Concurrent Workers: 3
 Concurrent Refinement Workers: 13
 Periodic GC: Disabled
Heap:
 garbage-first heap   total 103424K, used 76989K [0x0000000080000000, 0x0000000100000000)
  region size 1024K, 15 young (15360K), 1 survivors (1024K)
 Metaspace       used 58872K, committed 59520K, reserved 491520K
  class space    used 8322K, committed 8640K, reserved 425984K
GC Heap History (20 events):
Event: 8.623 GC heap before
{Heap before GC invocations=10 (full 0):
 garbage-first heap   total 86016K, used 66187K [0x0000000080000000, 0x0000000100000000)
  region size 1024K, 33 young (33792K), 3 survivors (3072K)
 Metaspace       used 40243K, committed 40768K, reserved 491520K
  class space    used 5673K, committed 5888K, reserved 425984K
}
Event: 8.626 GC heap after
{Heap after GC invocations=11 (full 0):
 garbage-first heap   total 86016K, used 36651K [0x0000000080000000, 0x0000000100000000)
  region size 1024K, 4 young (4096K), 4 survivors (4096K)
 Metaspace       used 40243K, committed 40768K, reserved 491520K
  class space    used 5673K, committed 5888K, reserved 425984K
}
Event: 9.237 GC heap before
{Heap before GC invocations=11 (full 0):
 garbage-first heap   total 86016K, used 69419K [0x0000000080000000, 0x0000000100000000)
  region size 1024K, 34 young (34816K), 4 survivors (4096K)
 Metaspace       used 43689K, committed 44224K, reserved 491520K
  class space    used 6105K, committed 6336K, reserved 425984K
}
Event: 9.241 GC heap after
{Heap after GC invocations=12 (full 0):
 garbage-first heap   total 86016K, used 39037K [0x0000000080000000, 0x0000000100000000)
  region size 1024K, 5 young (5120K), 5 survivors (5120K)
 Metaspace       used 43689K, committed 44224K, reserved 491520K
  class space    used 6105K, committed 6336K, reserved 425984K
}
Event: 9.689 GC heap before
{Heap before GC invocations=12 (full 0):
 garbage-first heap   total 86016K, used 67709K [0x0000000080000000, 0x0000000100000000)
  region size 1024K, 33 young (33792K), 5 survivors (5120K)
 Metaspace       used 46926K, committed 47488K, reserved 491520K
  class space    used 6540K, committed 6784K, reserved 425984K
}
Event: 9.694 GC heap after
{Heap after GC invocations=13 (full 0):
 garbage-first heap   total 86016K, used 40382K [0x0000000080000000, 0x0000000100000000)
  region size 1024K, 4 young (4096K), 4 survivors (4096K)
 Metaspace       used 46926K, committed 47488K, reserved 491520K
  class space    used 6540K, committed 6784K, reserved 425984K
}
Event: 10.228 GC heap before
{Heap before GC invocations=13 (full 0):
 garbage-first heap   total 86016K, used 68030K [0x0000000080000000, 0x0000000100000000)
  region size 1024K, 31 young (31744K), 4 survivors (4096K)
 Metaspace       used 50097K, committed 50624K, reserved 491520K
  class space    used 7068K, committed 7296K, reserved 425984K
}
Event: 10.231 GC heap after
{Heap after GC invocations=14 (full 0):
 garbage-first heap   total 86016K, used 42207K [0x0000000080000000, 0x0000000100000000)
  region size 1024K, 4 young (4096K), 4 survivors (4096K)
 Metaspace       used 50097K, committed 50624K, reserved 491520K
  class space    used 7068K, committed 7296K, reserved 425984K
}
Event: 10.808 GC heap before
{Heap before GC invocations=14 (full 0):
 garbage-first heap   total 86016K, used 67807K [0x0000000080000000, 0x0000000100000000)
  region size 1024K, 30 young (30720K), 4 survivors (4096K)
 Metaspace       used 51677K, committed 52224K, reserved 491520K
  class space    used 7261K, committed 7552K, reserved 425984K
}
Event: 10.814 GC heap after
{Heap after GC invocations=15 (full 0):
 garbage-first heap   total 86016K, used 46535K [0x0000000080000000, 0x0000000100000000)
  region size 1024K, 4 young (4096K), 4 survivors (4096K)
 Metaspace       used 51677K, committed 52224K, reserved 491520K
  class space    used 7261K, committed 7552K, reserved 425984K
}
Event: 10.948 GC heap before
{Heap before GC invocations=16 (full 0):
 garbage-first heap   total 86016K, used 68039K [0x0000000080000000, 0x0000000100000000)
  region size 1024K, 25 young (25600K), 4 survivors (4096K)
 Metaspace       used 51816K, committed 52416K, reserved 491520K
  class space    used 7261K, committed 7552K, reserved 425984K
}
Event: 10.952 GC heap after
{Heap after GC invocations=17 (full 0):
 garbage-first heap   total 86016K, used 50161K [0x0000000080000000, 0x0000000100000000)
  region size 1024K, 4 young (4096K), 4 survivors (4096K)
 Metaspace       used 51816K, committed 52416K, reserved 491520K
  class space    used 7261K, committed 7552K, reserved 425984K
}
Event: 10.967 GC heap before
{Heap before GC invocations=17 (full 0):
 garbage-first heap   total 86016K, used 51185K [0x0000000080000000, 0x0000000100000000)
  region size 1024K, 5 young (5120K), 4 survivors (4096K)
 Metaspace       used 51843K, committed 52416K, reserved 491520K
  class space    used 7275K, committed 7552K, reserved 425984K
}
Event: 10.973 GC heap after
{Heap after GC invocations=18 (full 0):
 garbage-first heap   total 103424K, used 49860K [0x0000000080000000, 0x0000000100000000)
  region size 1024K, 1 young (1024K), 1 survivors (1024K)
 Metaspace       used 51843K, committed 52416K, reserved 491520K
  class space    used 7275K, committed 7552K, reserved 425984K
}
Event: 11.569 GC heap before
{Heap before GC invocations=18 (full 0):
 garbage-first heap   total 103424K, used 79556K [0x0000000080000000, 0x0000000100000000)
  region size 1024K, 31 young (31744K), 1 survivors (1024K)
 Metaspace       used 54676K, committed 55232K, reserved 491520K
  class space    used 7754K, committed 8000K, reserved 425984K
}
Event: 11.572 GC heap after
{Heap after GC invocations=19 (full 0):
 garbage-first heap   total 103424K, used 50878K [0x0000000080000000, 0x0000000100000000)
  region size 1024K, 2 young (2048K), 2 survivors (2048K)
 Metaspace       used 54676K, committed 55232K, reserved 491520K
  class space    used 7754K, committed 8000K, reserved 425984K
}
Event: 12.155 GC heap before
{Heap before GC invocations=20 (full 0):
 garbage-first heap   total 103424K, used 93886K [0x0000000080000000, 0x0000000100000000)
  region size 1024K, 33 young (33792K), 2 survivors (2048K)
 Metaspace       used 57505K, committed 58112K, reserved 491520K
  class space    used 8163K, committed 8448K, reserved 425984K
}
Event: 12.159 GC heap after
{Heap after GC invocations=21 (full 0):
 garbage-first heap   total 103424K, used 66006K [0x0000000080000000, 0x0000000100000000)
  region size 1024K, 5 young (5120K), 5 survivors (5120K)
 Metaspace       used 57505K, committed 58112K, reserved 491520K
  class space    used 8163K, committed 8448K, reserved 425984K
}
Event: 12.177 GC heap before
{Heap before GC invocations=21 (full 0):
 garbage-first heap   total 103424K, used 67030K [0x0000000080000000, 0x0000000100000000)
  region size 1024K, 6 young (6144K), 5 survivors (5120K)
 Metaspace       used 57551K, committed 58112K, reserved 491520K
  class space    used 8170K, committed 8448K, reserved 425984K
}
Event: 12.181 GC heap after
{Heap after GC invocations=22 (full 0):
 garbage-first heap   total 103424K, used 64701K [0x0000000080000000, 0x0000000100000000)
  region size 1024K, 1 young (1024K), 1 survivors (1024K)
 Metaspace       used 57551K, committed 58112K, reserved 491520K
  class space    used 8170K, committed 8448K, reserved 425984K
}

