# JRE version: OpenJDK Runtime Environment Microsoft-12574423 (17.0.17+10) (build 17.0.17+10-LTS)
# Java VM: OpenJDK 64-Bit Server VM Microsoft-12574423 (17.0.17+10-LTS, mixed mode, sharing, tiered, compressed oops, compressed class ptrs, g1 gc, windows-amd64)
GC Precious Log:
 CPUs: 16 total, 16 available
 Memory: 15591M
 Large Page Support: Disabled
 NUMA Support: Disabled
 Compressed Oops: Enabled (Zero based)
 Heap Region Size: 1M
 Heap Min Capacity: 8M
 Heap Initial Capacity: 244M
 Heap Max Capacity: 1536M
 Pre-touch: Disabled
 Parallel Workers: 13
 Concurrent Workers: 3
 Concurrent Refinement Workers: 13
 Periodic GC: Disabled
Heap:
 garbage-first heap   total 92160K, used 49550K [0x0000000100000000, 0x0000000160000000)
  region size 1024K, 20 young (20480K), 3 survivors (3072K)
 Metaspace       used 39260K, committed 39744K, reserved 393216K
  class space    used 5529K, committed 5760K, reserved 327680K
GC Heap History (16 events):
Event: 0.937 GC heap before
{Heap before GC invocations=0 (full 0):
 garbage-first heap   total 249856K, used 26624K [0x0000000100000000, 0x0000000160000000)
  region size 1024K, 23 young (23552K), 0 survivors (0K)
 Metaspace       used 1732K, committed 1856K, reserved 393216K
  class space    used 161K, committed 192K, reserved 327680K
}
Event: 0.944 GC heap after
{Heap after GC invocations=1 (full 0):
 garbage-first heap   total 249856K, used 10797K [0x0000000100000000, 0x0000000160000000)
  region size 1024K, 3 young (3072K), 3 survivors (3072K)
 Metaspace       used 1732K, committed 1856K, reserved 393216K
  class space    used 161K, committed 192K, reserved 327680K
}
Event: 2.124 GC heap before
{Heap before GC invocations=1 (full 0):
 garbage-first heap   total 249856K, used 38445K [0x0000000100000000, 0x0000000160000000)
  region size 1024K, 30 young (30720K), 3 survivors (3072K)
 Metaspace       used 4106K, committed 4288K, reserved 393216K
  class space    used 503K, committed 640K, reserved 327680K
}
Event: 2.130 GC heap after
{Heap after GC invocations=2 (full 0):
 garbage-first heap   total 249856K, used 12335K [0x0000000100000000, 0x0000000160000000)
  region size 1024K, 2 young (2048K), 2 survivors (2048K)
 Metaspace       used 4106K, committed 4288K, reserved 393216K
  class space    used 503K, committed 640K, reserved 327680K
}
Event: 7.254 GC heap before
{Heap before GC invocations=2 (full 0):
 garbage-first heap   total 249856K, used 146479K [0x0000000100000000, 0x0000000160000000)
  region size 1024K, 131 young (134144K), 2 survivors (2048K)
 Metaspace       used 20911K, committed 21248K, reserved 393216K
  class space    used 3034K, committed 3200K, reserved 327680K
}
Event: 7.266 GC heap after
{Heap after GC invocations=3 (full 0):
 garbage-first heap   total 249856K, used 23928K [0x0000000100000000, 0x0000000160000000)
  region size 1024K, 12 young (12288K), 12 survivors (12288K)
 Metaspace       used 20911K, committed 21248K, reserved 393216K
  class space    used 3034K, committed 3200K, reserved 327680K
}
Event: 7.345 GC heap before
{Heap before GC invocations=3 (full 0):
 garbage-first heap   total 249856K, used 27000K [0x0000000100000000, 0x0000000160000000)
  region size 1024K, 16 young (16384K), 12 survivors (12288K)
 Metaspace       used 21190K, committed 21504K, reserved 393216K
  class space    used 3083K, committed 3264K, reserved 327680K
}
Event: 7.356 GC heap after
{Heap after GC invocations=4 (full 0):
 garbage-first heap   total 249856K, used 25237K [0x0000000100000000, 0x0000000160000000)
  region size 1024K, 2 young (2048K), 2 survivors (2048K)
 Metaspace       used 21190K, committed 21504K, reserved 393216K
  class space    used 3083K, committed 3264K, reserved 327680K
}
Event: 8.992 GC heap before
{Heap before GC invocations=5 (full 0):
 garbage-first heap   total 92160K, used 77461K [0x0000000100000000, 0x0000000160000000)
  region size 1024K, 54 young (55296K), 2 survivors (2048K)
 Metaspace       used 27909K, committed 28160K, reserved 393216K
  class space    used 3998K, committed 4096K, reserved 327680K
}
Event: 8.997 GC heap after
{Heap after GC invocations=6 (full 0):
 garbage-first heap   total 92160K, used 26819K [0x0000000100000000, 0x0000000160000000)
  region size 1024K, 3 young (3072K), 3 survivors (3072K)
 Metaspace       used 27909K, committed 28160K, reserved 393216K
  class space    used 3998K, committed 4096K, reserved 327680K
}
Event: 10.539 GC heap before
{Heap before GC invocations=6 (full 0):
 garbage-first heap   total 92160K, used 68803K [0x0000000100000000, 0x0000000160000000)
  region size 1024K, 45 young (46080K), 3 survivors (3072K)
 Metaspace       used 32867K, committed 33216K, reserved 393216K
  class space    used 4632K, committed 4800K, reserved 327680K
}
Event: 10.544 GC heap after
{Heap after GC invocations=7 (full 0):
 garbage-first heap   total 92160K, used 30699K [0x0000000100000000, 0x0000000160000000)
  region size 1024K, 6 young (6144K), 6 survivors (6144K)
 Metaspace       used 32867K, committed 33216K, reserved 393216K
  class space    used 4632K, committed 4800K, reserved 327680K
}
Event: 11.175 GC heap before
{Heap before GC invocations=7 (full 0):
 garbage-first heap   total 92160K, used 55275K [0x0000000100000000, 0x0000000160000000)
  region size 1024K, 27 young (27648K), 6 survivors (6144K)
 Metaspace       used 35641K, committed 36096K, reserved 393216K
  class space    used 4948K, committed 5184K, reserved 327680K
}
Event: 11.182 GC heap after
{Heap after GC invocations=8 (full 0):
 garbage-first heap   total 92160K, used 32636K [0x0000000100000000, 0x0000000160000000)
  region size 1024K, 3 young (3072K), 3 survivors (3072K)
 Metaspace       used 35641K, committed 36096K, reserved 393216K
  class space    used 4948K, committed 5184K, reserved 327680K
}
Event: 12.457 GC heap before
{Heap before GC invocations=9 (full 0):
 garbage-first heap   total 92160K, used 69500K [0x0000000100000000, 0x0000000160000000)
  region size 1024K, 39 young (39936K), 3 survivors (3072K)
 Metaspace       used 37604K, committed 38016K, reserved 393216K
  class space    used 5255K, committed 5440K, reserved 327680K
}
Event: 12.461 GC heap after
{Heap after GC invocations=10 (full 0):
 garbage-first heap   total 92160K, used 33166K [0x0000000100000000, 0x0000000160000000)
  region size 1024K, 3 young (3072K), 3 survivors (3072K)
 Metaspace       used 37604K, committed 38016K, reserved 393216K
  class space    used 5255K, committed 5440K, reserved 327680K
}

